Tue Apr 11 14:22:40 2023    ni-5106.profile

         80605181 function calls (77615993 primitive calls) in 205.800 seconds

   Ordered by: cumulative time

   ncalls  tottime  percall  cumtime  percall filename:lineno(function)
        1    0.011    0.011  206.048  206.048 blueprint.py:135(multiplexer_get)
        1    0.000    0.000  181.348  181.348 api_resource.py:490(find)
        1    0.073    0.073  180.524  180.524 api_resource.py:540(<listcomp>)
70870/7087    3.065    0.000  179.305    0.025 api_resource.py:913(serialise)
    28422    0.382    0.000  150.623    0.005 query.py:2850(__iter__)
28348/21261    0.789    0.000  146.050    0.007 api_resource.py:1394(serialise)
    14174    0.118    0.000  125.025    0.009 dynamic.py:239(__iter__)
56804/28455    0.060    0.000  123.288    0.004 {built-in method builtins.iter}
    35509    0.141    0.000   95.509    0.003 base.py:879(execute)
    35509    0.167    0.000   95.344    0.003 elements.py:261(_execute_on_connection)
    35509    0.619    0.000   95.176    0.003 base.py:1009(_execute_clauseelement)
    28422    0.360    0.000   93.066    0.003 query.py:2872(_execute_and_instances)
28424/28423    0.989    0.000   56.801    0.002 query.py:3348(_compile_context)
    35509    0.188    0.000   54.627    0.002 <string>:1(<lambda>)
    35509    0.217    0.000   54.440    0.002 elements.py:373(compile)
    35509    0.217    0.000   54.222    0.002 elements.py:438(_compiler)
    35509    0.695    0.000   54.006    0.002 compiler.py:376(__init__)
    35509    0.242    0.000   53.234    0.001 compiler.py:177(__init__)
127700/35509    0.369    0.000   52.992    0.001 compiler.py:241(process)
1957648/35509    5.579    0.000   52.850    0.001 visitors.py:75(_compiler_dispatch)
28429/28422    0.918    0.000   52.405    0.002 compiler.py:1649(visit_select)
    35509    1.171    0.000   39.817    0.001 base.py:1104(_execute_context)
28429/28427    1.889    0.000   34.426    0.001 compiler.py:1719(<listcomp>)
    21272    0.640    0.000   32.683    0.002 strategies.py:1382(_create_eager_join)
751727/751725    5.393    0.000   32.537    0.000 compiler.py:1421(_label_select_column)
    21273    0.614    0.000   30.970    0.001 util.py:792(__init__)
3625359/3411332    2.191    0.000   30.550    0.000 {built-in method builtins.getattr}
   503182    0.272    0.000   29.661    0.000 api_resource.py:262(lookup_attribute)
    21273    0.160    0.000   29.091    0.001 relationships.py:1911(_create_joins)
    21273    0.575    0.000   28.931    0.001 relationships.py:2756(join_targets)
  1084421    1.345    0.000   28.504    0.000 attributes.py:229(__get__)
    28395    0.166    0.000   27.244    0.001 visitors.py:199(traverse)
    28396    0.187    0.000   27.097    0.001 visitors.py:304(replacement_traverse)
113492/28396    0.779    0.000   26.873    0.001 visitors.py:311(clone)
   113487    0.927    0.000   24.918    0.000 visitors.py:202(replace)
        1    0.001    0.001   24.672   24.672 helpers.py:45(jsonify)
        1    0.000    0.000   24.662   24.662 __init__.py:183(dumps)
        1    0.000    0.000   24.661   24.661 encoder.py:182(encode)
        1    0.490    0.490   24.652   24.652 encoder.py:204(iterencode)
   751725    8.008    0.000   24.288    0.000 compiler.py:633(visit_label)
     7087    0.179    0.000   24.162    0.003 helpers.py:13(_json_default)
   191493    0.739    0.000   23.765    0.000 util.py:645(replace)
49697/49696    0.754    0.000   23.523    0.000 loading.py:30(instances)
    77957    0.302    0.000   23.486    0.000 helpers.py:271(_load)
     7087    0.053    0.000   23.205    0.003 helpers.py:473(keys)
     7087    0.865    0.000   23.059    0.003 helpers.py:274(_load_type_single_table)
   177310    0.673    0.000   22.826    0.000 util.py:629(_corresponding_column)
    35509    0.195    0.000   22.821    0.001 default.py:469(do_execute)
    35509    0.856    0.000   22.626    0.001 cursors.py:204(execute)
   177310    8.164    0.000   22.149    0.000 selectable.py:584(corresponding_column)
70892/42533    0.386    0.000   22.016    0.001 attributes.py:562(get)
    28359    0.382    0.000   21.002    0.001 strategies.py:501(_load_for_state)
    35509    0.207    0.000   20.411    0.001 cursors.py:411(_query)
     7158    0.421    0.000   19.867    0.003 strategies.py:578(_emit_lazyload)
    35509    0.631    0.000   18.849    0.001 cursors.py:372(_do_query)
    28422    0.128    0.000   18.637    0.001 loading.py:55(<listcomp>)
    28421    0.607    0.000   18.508    0.001 query.py:3670(row_processor)
49693/28421    4.713    0.000   17.853    0.001 loading.py:273(_instance_processor)
     7090    0.142    0.000   17.153    0.002 query.py:2697(all)
    35509   16.884    0.000   16.896    0.000 connections.py:267(query)
    28422    0.266    0.000   16.021    0.001 query.py:3705(setup_context)
49694/28422    3.277    0.000   15.728    0.001 loading.py:228(_setup_entity_query)
     7087    0.045    0.000   13.664    0.002 query.py:2734(first)
     7087    0.203    0.000   13.618    0.002 query.py:2528(__getitem__)
971651/851113    3.937    0.000   12.464    0.000 interfaces.py:510(setup)
28356/21269    0.091    0.000   12.200    0.001 elements.py:1808(_copy_internals)
28356/21269    0.156    0.000   12.128    0.001 elements.py:1809(<listcomp>)
519066/518631    1.107    0.000   11.308    0.000 langhelpers.py:764(__get__)
    35509    0.152    0.000   10.654    0.000 default.py:873(get_result_proxy)
    35509    0.199    0.000   10.502    0.000 result.py:646(__init__)
    35509    0.444    0.000   10.303    0.000 result.py:671(_init_metadata)
219909/212818    1.064    0.000    9.908    0.000 interfaces.py:519(create_row_processor)
    35509    0.906    0.000    9.845    0.000 result.py:196(__init__)
   872347    6.780    0.000    9.780    0.000 compiler.py:676(visit_column)
    70897    0.386    0.000    9.748    0.000 elements.py:2961(_copy_internals)
28429/28423    0.490    0.000    7.884    0.000 compiler.py:1811(_compose_select_body)
21272/14181    4.578    0.000    7.678    0.001 strategies.py:1580(create_row_processor)
  3191384    5.364    0.000    7.145    0.000 elements.py:4098(_expand_cloned)
21275/14184    0.460    0.000    6.409    0.000 strategies.py:1162(setup_query)
    35509    0.264    0.000    6.016    0.000 result.py:303(_merge_cursor_description)
    28424    0.529    0.000    5.884    0.000 query.py:3465(_simple_statement)
    28426    0.324    0.000    5.291    0.000 <string>:1(select)
    14174    0.079    0.000    5.166    0.000 dynamic.py:65(get)
  1191560    3.183    0.000    5.161    0.000 interfaces.py:481(_get_context_loader)
    14174    0.260    0.000    5.087    0.000 dynamic.py:214(__init__)
    28426    2.454    0.000    4.966    0.000 selectable.py:2490(__init__)
7103/7099    0.074    0.000    4.948    0.001 selectable.py:671(columns)
    28422    1.515    0.000    4.898    0.000 result.py:369(<listcomp>)
    35509    1.124    0.000    4.793    0.000 default.py:554(_init_compiled)
    28429    0.419    0.000    4.621    0.000 compiler.py:1785(_setup_select_stack)
     7097    0.079    0.000    4.583    0.001 selectable.py:1271(_populate_column_collection)
    14415    0.392    0.000    4.512    0.000 schema.py:1420(_make_proxy)
     7087    0.104    0.000    4.488    0.001 session.py:1031(execute)
   751649    1.273    0.000    4.351    0.000 result.py:655(_getter)
85156/85153    0.493    0.000    4.348    0.000 compiler.py:1015(visit_binary)
    28427    0.297    0.000    4.127    0.000 selectable.py:3419(_columns_plus_names)
    28429    0.294    0.000    3.718    0.000 selectable.py:2776(_get_display_froms)
   978691    2.545    0.000    3.713    0.000 compiler.py:1255(_truncated_identifier)
28429/28424    0.128    0.000    3.644    0.000 compiler.py:1825(<listcomp>)
   794171    1.515    0.000    3.596    0.000 default.py:832(get_result_processor)
85156/85153    0.644    0.000    3.588    0.000 compiler.py:1049(_generate_generic_binary)
    14174    0.093    0.000    3.461    0.000 relationships.py:1361(_with_parent)
    14174    0.159    0.000    3.368    0.000 relationships.py:1366(_optimized_compare)
    42595    0.190    0.000    3.340    0.000 query.py:112(__init__)
28366/7093    0.254    0.000    3.221    0.000 base.py:913(visit_join)
    14178    0.068    0.000    3.210    0.000 visitors.py:280(cloned_traverse)
    42597    0.610    0.000    3.147    0.000 query.py:141(_set_entities)
127590/14178    1.021    0.000    3.139    0.000 visitors.py:287(clone)
   751649    3.040    0.000    3.078    0.000 result.py:576(_getter)
    14415    0.395    0.000    3.061    0.000 schema.py:898(__init__)
127785/120671    0.279    0.000    2.998    0.000 {method 'join' of 'str' objects}
  2588662    2.226    0.000    2.949    0.000 compiler.py:2910(quote)
28379/21277    0.080    0.000    2.940    0.000 compiler.py:797(visit_clauselist)
    42538    0.226    0.000    2.937    0.000 annotation.py:100(__eq__)
99262/42539    0.348    0.000    2.878    0.000 operators.py:297(__eq__)
8208087/8207750    2.413    0.000    2.856    0.000 {built-in method builtins.isinstance}
85135/63827    0.168    0.000    2.753    0.000 compiler.py:804(<genexpr>)
92170/77986    0.169    0.000    2.669    0.000 {built-in method _operator.eq}
85135/63827    0.145    0.000    2.624    0.000 compiler.py:806(<genexpr>)
    42543    0.060    0.000    2.561    0.000 elements.py:685(operate)
    28420    0.079    0.000    2.470    0.000 loading.py:75(<listcomp>)
    28430    1.150    0.000    2.453    0.000 selectable.py:2749(_froms)
99221/92134    0.340    0.000    2.410    0.000 hybrid.py:744(__get__)
56711/21274    0.600    0.000    2.392    0.000 loading.py:381(_instance)
    14415    0.055    0.000    2.365    0.000 schema.py:74(_init_items)
    14207    0.209    0.000    2.310    0.000 base.py:429(_set_parent_with_dispatch)
   751719    1.457    0.000    2.290    0.000 strategies.py:153(setup_query)
    28421    0.105    0.000    2.227    0.000 session.py:1379(query)
    42533    0.539    0.000    2.176    0.000 mapper.py:2561(_get_state_attr_by_column)
   134699    1.179    0.000    2.094    0.000 elements.py:174(_clone)
   794171    1.511    0.000    2.081    0.000 type_api.py:462(_cached_result_processor)
    42543    0.368    0.000    2.038    0.000 type_api.py:60(operate)
    28425    1.086    0.000    2.007    0.000 selectable.py:3436(<listcomp>)
   127801    0.297    0.000    1.975    0.000 path_registry.py:269(__missing__)
   751722    1.161    0.000    1.970    0.000 compiler.py:2942(format_label)
398490/398472    0.657    0.000    1.888    0.000 {built-in method builtins.hasattr}
    35509    0.177    0.000    1.848    0.000 default.py:593(<listcomp>)
    92386    0.242    0.000    1.791    0.000 base.py:36(_from_objects)
    28422    1.788    0.000    1.788    0.000 result.py:287(<listcomp>)
    14207    0.055    0.000    1.785    0.000 schema.py:1877(_set_parent)
  3191384    1.601    0.000    1.781    0.000 elements.py:4103(<listcomp>)
    14207    0.073    0.000    1.727    0.000 schema.py:1378(_on_table_attach)
   127801    0.954    0.000    1.678    0.000 path_registry.py:190(__init__)
    35509    0.155    0.000    1.671    0.000 compiler.py:507(construct_params)
    42539    0.478    0.000    1.670    0.000 default_comparator.py:22(_boolean_compare)
    14207    0.095    0.000    1.648    0.000 api.py:31(listen)
     7087    0.073    0.000    1.634    0.000 query.py:1536(filter_by)
   212763    0.660    0.000    1.597    0.000 base.py:579(contains_column)
    92386    0.593    0.000    1.549    0.000 base.py:37(<listcomp>)
    14174    0.059    0.000    1.516    0.000 elements.py:1114(effective_value)
    14174    0.077    0.000    1.458    0.000 relationships.py:1417(_go)
    28422    0.195    0.000    1.372    0.000 query.py:2881(_get_bind_args)
    63784    0.139    0.000    1.368    0.000 api_resource.py:471(should_be_hidden)
    28427    0.102    0.000    1.363    0.000 elements.py:4106(_select_iterables)
    35509    0.151    0.000    1.354    0.000 cursors.py:416(_post_get_result)
    28422    0.285    0.000    1.345    0.000 result.py:1101(fetchall)
    35509    0.362    0.000    1.310    0.000 cursors.py:182(_do_get_result)
   382885    0.949    0.000    1.299    0.000 util.py:715(__getitem__)
    28427    1.067    0.000    1.261    0.000 elements.py:4111(<listcomp>)
    42598    0.473    0.000    1.255    0.000 query.py:152(_set_entity_selectables)
    85274    0.285    0.000    1.255    0.000 _collections.py:748(unique_list)
    35509    0.040    0.000    1.204    0.000 cursors.py:382(_fetch_row)
    14207    0.194    0.000    1.190    0.000 registry.py:187(listen)
    35509    0.719    0.000    1.164    0.000 {method 'fetch_row' of '_mysql.result' objects}
    35515    0.299    0.000    1.138    0.000 compiler.py:1173(visit_bindparam)
     7087    0.067    0.000    1.058    0.000 query.py:1561(<listcomp>)
    28429    0.181    0.000    0.960    0.000 selectable.py:2789(<listcomp>)
7101/7100    0.215    0.000    0.957    0.000 loading.py:505(_populate_full)
   440109    0.805    0.000    0.956    0.000 inspection.py:38(inspect)
     7087    0.023    0.000    0.942    0.000 default.py:889(_setup_crud_result_proxy)
   177331    0.454    0.000    0.937    0.000 elements.py:4065(apply_map)
    71025    0.179    0.000    0.924    0.000 _collections.py:795(to_list)
   751794    0.845    0.000    0.921    0.000 selectable.py:3424(name_for_col)
    56853    0.453    0.000    0.916    0.000 _collections.py:752(<listcomp>)
    57045    0.232    0.000    0.915    0.000 base.py:285(__get__)
    14174    0.078    0.000    0.898    0.000 dynamic.py:266(_clone)
  4035424    0.867    0.000    0.867    0.000 {method 'intersection' of 'set' objects}
    14174    0.093    0.000    0.866    0.000 contact.py:55(is_deleted)
7105/7098    0.024    0.000    0.863    0.000 compiler.py:575(visit_grouping)
    35526    0.221    0.000    0.856    0.000 _collections.py:360(__init__)
     7092    0.021    0.000    0.837    0.000 attributes.py:174(operate)
    49847    0.402    0.000    0.835    0.000 base.py:196(generate)
    14207    0.037    0.000    0.833    0.000 base.py:237(_listen)
    35509    0.270    0.000    0.830    0.000 default.py:815(create_cursor)
    70968    0.325    0.000    0.813    0.000 path_registry.py:62(set)
    28422    0.130    0.000    0.810    0.000 query.py:2866(_connection_from_session)
    14207    0.107    0.000    0.796    0.000 registry.py:227(base_listen)
   900950    0.788    0.000    0.788    0.000 weakref.py:393(__getitem__)
    35509    0.154    0.000    0.781    0.000 result.py:795(_soft_close)
    70870    0.425    0.000    0.774    0.000 helpers.py:432(__getitem__)
     7091    0.031    0.000    0.772    0.000 properties.py:269(operate)
    28364    0.251    0.000    0.768    0.000 selectable.py:785(__init__)
    35515    0.141    0.000    0.759    0.000 compiler.py:1242(_truncate_bindparam)
   177358    0.445    0.000    0.757    0.000 path_registry.py:234(__getitem__)
    35509    0.193    0.000    0.754    0.000 compiler.py:490(_bind_processors)
    42539    0.506    0.000    0.744    0.000 elements.py:2927(__init__)
    21272    0.369    0.000    0.731    0.000 strategies.py:1329(_generate_row_adapter)
    14174    0.246    0.000    0.725    0.000 dynamic.py:228(session)
    14181    0.054    0.000    0.720    0.000 elements.py:4147(_find_columns)
     7090    0.058    0.000    0.717    0.000 strategies.py:467(_generate_lazy_clause)
   269406    0.489    0.000    0.713    0.000 langhelpers.py:770(_reset)
    28365    0.285    0.000    0.692    0.000 compiler.py:1375(visit_alias)
    57045    0.165    0.000    0.683    0.000 base.py:108(_for_instance)
    28422    0.237    0.000    0.680    0.000 session.py:948(connection)
    71018    0.361    0.000    0.674    0.000 cursors.py:162(nextset)
    35509    0.671    0.000    0.671    0.000 result.py:241(<listcomp>)
    14181    0.082    0.000    0.666    0.000 visitors.py:264(traverse)
    42595    0.417    0.000    0.657    0.000 query.py:3580(setup_entity)
    35509    0.105    0.000    0.627    0.000 base.py:1271(_safe_close_cursor)
   751719    0.624    0.000    0.624    0.000 compiler.py:300(__init__)
   858393    0.623    0.000    0.623    0.000 {method 'update' of 'dict' objects}
   432309    0.253    0.000    0.618    0.000 api_resource.py:809(is_visible)
    92247    0.366    0.000    0.617    0.000 selectable.py:35(_interpret_as_from)
     7087    0.172    0.000    0.616    0.000 result.py:399(<listcomp>)
    14174    0.135    0.000    0.604    0.000 mappers.py:4(map_personal_name_fields_to_full_name)
49639/21273    0.305    0.000    0.604    0.000 selectable.py:1202(_from_objects)
    14176    0.135    0.000    0.592    0.000 attributes.py:1090(set_committed_value)
    42598    0.205    0.000    0.578    0.000 query.py:3547(__new__)
    21272    0.138    0.000    0.576    0.000 strategies.py:1555(_create_eager_adapter)
    35435    0.236    0.000    0.563    0.000 custom_mapping.py:29(table_column)
    35509    0.404    0.000    0.562    0.000 cursors.py:128(_warning_check)
    35515    0.169    0.000    0.561    0.000 compiler.py:493(<genexpr>)
   751649    0.436    0.000    0.544    0.000 compiler.py:1418(_add_to_result_map)
    21273    0.126    0.000    0.538    0.000 annotation.py:163(_shallow_annotate)
    35509    0.136    0.000    0.521    0.000 cursors.py:79(close)
    35509    0.106    0.000    0.519    0.000 cursors.py:408(_get_result)
    57045    0.199    0.000    0.518    0.000 base.py:105(_for_class)
     7087    0.056    0.000    0.514    0.000 dbal_contact.py:146(name)
    14178    0.171    0.000    0.508    0.000 elements.py:1129(_clone)
    14181    0.351    0.000    0.505    0.000 visitors.py:210(iterate)
    14180    0.046    0.000    0.505    0.000 <string>:1(filter)
    35509    0.184    0.000    0.493    0.000 pool.py:921(cursor)
    70968    0.175    0.000    0.488    0.000 __init__.py:1286(debug)
    63916    0.181    0.000    0.486    0.000 _collections.py:728(__missing__)
    21263    0.374    0.000    0.479    0.000 strategies.py:1658(load_scalar_from_joined_new_row)
    14207    0.039    0.000    0.458    0.000 attr.py:326(append)
  3489801    0.449    0.000    0.449    0.000 {method 'append' of 'list' objects}
     7093    0.023    0.000    0.447    0.000 selectable.py:1197(_hide_froms)
    71025    0.299    0.000    0.443    0.000 abc.py:180(__instancecheck__)
     7093    0.018    0.000    0.423    0.000 selectable.py:1199(<listcomp>)
    49620    0.214    0.000    0.423    0.000 state.py:677(_commit)
    21269    0.165    0.000    0.421    0.000 strategies.py:559(_get_ident_for_use_get)
    14207    0.064    0.000    0.419    0.000 registry.py:246(append_to_list)
35466/28367    0.148    0.000    0.418    0.000 elements.py:1814(_from_objects)
    14174    0.190    0.000    0.415    0.000 loading.py:554(_populate_partial)
    21272    0.127    0.000    0.410    0.000 mapper.py:2454(_result_has_identity_key)
    35515    0.129    0.000    0.406    0.000 connections.py:302(literal)
    35509    0.402    0.000    0.402    0.000 {method 'store_result' of '_mysql.connection' objects}
   765905    0.243    0.000    0.400    0.000 elements.py:4282(_interpret_as_column_or_from)
    42537    0.083    0.000    0.393    0.000 default_comparator.py:292(_check_literal)
    71024    0.155    0.000    0.392    0.000 compiler.py:494(<genexpr>)
    21282    0.126    0.000    0.390    0.000 elements.py:230(_annotate)
    14415    0.089    0.000    0.386    0.000 schema.py:1430(<listcomp>)
    28422    0.132    0.000    0.379    0.000 session.py:1415(_autoflush)
    63941    0.131    0.000    0.377    0.000 selectable.py:2708(<genexpr>)
    42596    0.129    0.000    0.368    0.000 session.py:2175(flush)
    28422    0.212    0.000    0.367    0.000 query.py:350(_bind_mapper)
    14207    0.107    0.000    0.363    0.000 api.py:21(_event_key)
    14174    0.261    0.000    0.362    0.000 {built-in method builtins.all}
    14178    0.192    0.000    0.359    0.000 elements.py:861(__init__)
    35509    0.156    0.000    0.353    0.000 session.py:1021(_connection_for_bind)
    21261    0.231    0.000    0.352    0.000 state.py:614(unloaded)
    14207    0.199    0.000    0.350    0.000 registry.py:65(_stored_in_collection)
    35509    0.347    0.000    0.347    0.000 {method 'describe' of '_mysql.result' objects}
   382915    0.287    0.000    0.347    0.000 util.py:306(_include_fn)
    28424    0.324    0.000    0.346    0.000 query.py:4110(__init__)
    42597    0.165    0.000    0.339    0.000 base.py:325(_is_mapped_class)
   894055    0.327    0.000    0.327    0.000 elements.py:3732(_get_table)
    49620    0.192    0.000    0.325    0.000 session.py:37(_state_session)
    14213    0.058    0.000    0.323    0.000 attr.py:250(__call__)
21296/21281    0.064    0.000    0.323    0.000 annotation.py:78(_compiler_dispatch)
    57045    0.215    0.000    0.319    0.000 base.py:74(__init__)
    35602    0.150    0.000    0.314    0.000 elements.py:3954(__new__)
    70968    0.215    0.000    0.313    0.000 __init__.py:1544(isEnabledFor)
       69    0.000    0.000    0.312    0.005 query.py:2795(one)
       69    0.001    0.000    0.312    0.005 query.py:2761(one_or_none)
   361703    0.208    0.000    0.310    0.000 visitors.py:144(_visitor_iterator)
     7087    0.081    0.000    0.309    0.000 contacts.py:89(<lambda>)
    35509    0.177    0.000    0.309    0.000 connections.py:258(cursor)
35466/28367    0.150    0.000    0.304    0.000 elements.py:1816(<listcomp>)
    14176    0.130    0.000    0.302    0.000 attributes.py:991(_initialize_collection)
    63883    0.191    0.000    0.302    0.000 compiler.py:1274(_process_anon)
   113523    0.211    0.000    0.297    0.000 elements.py:2957(_from_objects)
    14207    0.105    0.000    0.297    0.000 schema.py:1513(__init__)
    35435    0.069    0.000    0.296    0.000 encode_id.py:15(__standardise_generate)
    28426    0.069    0.000    0.284    0.000 selectable.py:1952(__init__)
  1283729    0.278    0.000    0.278    0.000 {method 'get' of 'dict' objects}
    21273    0.148    0.000    0.272    0.000 util.py:211(clause_is_present)
     7088    0.055    0.000    0.272    0.000 elements.py:3810(_bind_param)
    63931    0.232    0.000    0.271    0.000 cursors.py:439(fetchall)
    63883    0.195    0.000    0.268    0.000 compiler.py:1920(visit_table)
     7088    0.021    0.000    0.268    0.000 <string>:1(and_)
    85164    0.154    0.000    0.267    0.000 compiler.py:968(_get_operator_dispatch)
    14207    0.079    0.000    0.265    0.000 schema.py:1898(_set_table)
   177375    0.262    0.000    0.262    0.000 path_registry.py:247(__init__)
    28422    0.098    0.000    0.258    0.000 result.py:1068(_fetchall_impl)
     7091    0.026    0.000    0.255    0.000 <string>:1(join)
     7087    0.049    0.000    0.250    0.000 strategies.py:1093(load_collection_from_subq)
    35521    0.093    0.000    0.248    0.000 operators.py:1039(is_precedent)
     7094    0.038    0.000    0.247    0.000 elements.py:1894(and_)
   113466    0.070    0.000    0.245    0.000 <frozen importlib._bootstrap>:997(_handle_fromlist)
   307117    0.155    0.000    0.245    0.000 connections.py:230(string_decoder)
    21270    0.071    0.000    0.242    0.000 attributes.py:635(set_committed_value)
   751647    0.241    0.000    0.241    0.000 compiler.py:309(type)
    14183    0.066    0.000    0.239    0.000 elements.py:1971(self_group)
    42596    0.192    0.000    0.239    0.000 session.py:2221(_is_clean)
177514/177501    0.156    0.000    0.238    0.000 path_registry.py:263(__getitem__)
    21261    0.091    0.000    0.236    0.000 session.py:3026(object_session)
    35515    0.124    0.000    0.236    0.000 type_api.py:452(_cached_bind_processor)
     7087    0.044    0.000    0.235    0.000 result.py:1185(first)
    28422    0.235    0.000    0.235    0.000 result.py:365(<listcomp>)
     7087    0.028    0.000    0.231    0.000 custom_template.py:15(mappings)
    49609    0.134    0.000    0.231    0.000 result.py:497(_merge_cols_by_none)
    14415    0.046    0.000    0.231    0.000 base.py:494(add)
    21269    0.093    0.000    0.230    0.000 strategies.py:570(<listcomp>)
     7091    0.022    0.000    0.230    0.000 selectable.py:829(_create_join)
    35435    0.110    0.000    0.228    0.000 encode_id.py:9(generate)
    35515    0.161    0.000    0.227    0.000 {method 'escape' of '_mysql.connection' objects}
    14174    0.041    0.000    0.226    0.000 strategies.py:1681(load_scalar_from_joined_exec)
   269406    0.145    0.000    0.224    0.000 langhelpers.py:773(reset)
    14207    0.072    0.000    0.223    0.000 attr.py:193(for_modify)
     7087    0.045    0.000    0.221    0.000 dbal_contact.py:157(full_name)
    35435    0.087    0.000    0.220    0.000 re.py:184(sub)
    21273    0.162    0.000    0.219    0.000 path_registry.py:89(contains_mapper)
     7100    0.076    0.000    0.218    0.000 selectable.py:711(_init_collections)
     7097    0.031    0.000    0.218    0.000 selectable.py:496(alias)
     7096    0.035    0.000    0.217    0.000 local.py:345(__getattr__)
    21272    0.088    0.000    0.216    0.000 mapper.py:2457(<listcomp>)
     7087    0.028    0.000    0.216    0.000 base.py:934(limit_clause)
     7087    0.056    0.000    0.214    0.000 selectable.py:67(_offset_or_limit_clause)
    28362    0.121    0.000    0.214    0.000 query.py:3004(_should_nest_selectable)
    14180    0.137    0.000    0.213    0.000 query.py:1501(filter)
    35447    0.119    0.000    0.213    0.000 elements.py:2945(__bool__)
    21275    0.083    0.000    0.209    0.000 selectable.py:3709(__init__)
     7096    0.075    0.000    0.209    0.000 elements.py:1860(_construct)
    21334    0.070    0.000    0.208    0.000 elements.py:2986(self_group)
    28364    0.141    0.000    0.206    0.000 visitors.py:153(chain)
    35509    0.137    0.000    0.197    0.000 session.py:387(_connection_for_bind)
    14419    0.084    0.000    0.196    0.000 elements.py:3629(__init__)
   191543    0.196    0.000    0.196    0.000 strategies.py:651(create_row_processor)
   765979    0.194    0.000    0.194    0.000 elements.py:706(_select_iterable)
    28348    0.193    0.000    0.193    0.000 mappers.py:5(<genexpr>)
  1738143    0.193    0.000    0.193    0.000 {method 'add' of 'set' objects}
    14207    0.020    0.000    0.191    0.000 base.py:212(_accept_with)
    56812    0.070    0.000    0.187    0.000 elements.py:4212(_literal_as_text)
     7097    0.102    0.000    0.186    0.000 selectable.py:1228(__init__)
  1206224    0.185    0.000    0.185    0.000 {built-in method builtins.len}
    28422    0.169    0.000    0.185    0.000 query.py:3498(_adjust_for_single_inheritance)
    56696    0.185    0.000    0.185    0.000 {method 'sub' of '_sre.SRE_Pattern' objects}
    14418    0.083    0.000    0.184    0.000 base.py:512(__setitem__)
    28436    0.161    0.000    0.184    0.000 elements.py:674(__getattr__)
        1    0.000    0.000    0.183    0.183 api_resource.py:542(_make_find_response_headers)
        1    0.000    0.000    0.183    0.183 query.py:3051(count)
    14180    0.030    0.000    0.181    0.000 selectable.py:1642(_from_objects)
     7087    0.079    0.000    0.179    0.000 {built-in method builtins.sorted}
   312451    0.175    0.000    0.175    0.000 {method 'copy' of 'dict' objects}
    14187    0.063    0.000    0.173    0.000 elements.py:1818(self_group)
   842510    0.172    0.000    0.172    0.000 {method 'pop' of 'dict' objects}
    28834    0.086    0.000    0.171    0.000 elements.py:3735(_set_table)
     7099    0.039    0.000    0.171    0.000 local.py:301(_get_current_object)
    28352    0.160    0.000    0.168    0.000 times.py:50(DateTime_or_None)
    71018    0.167    0.000    0.167    0.000 {method 'next_result' of '_mysql.connection' objects}
        1    0.000    0.000    0.164    0.164 query.py:2823(scalar)
    85093    0.160    0.000    0.160    0.000 elements.py:640(self_group)
    14176    0.096    0.000    0.159    0.000 instrumentation.py:325(initialize_collection)
   177503    0.153    0.000    0.153    0.000 attr.py:226(__bool__)
    28422    0.081    0.000    0.153    0.000 langhelpers.py:1055(_next)
    35509    0.127    0.000    0.153    0.000 session.py:1276(get_bind)
    14174    0.049    0.000    0.152    0.000 session.py:2151(__contains__)
       68    0.002    0.000    0.151    0.002 loading.py:165(load_on_ident)
    28660    0.113    0.000    0.150    0.000 result.py:1085(process_rows)
    14174    0.061    0.000    0.148    0.000 base.py:250(object_mapper)
    14207    0.118    0.000    0.146    0.000 attr.py:284(__init__)
     7087    0.018    0.000    0.146    0.000 result.py:827(close)
   326754    0.142    0.000    0.142    0.000 {built-in method __new__ of type object at 0x7f711a2b0fc0}
    35509    0.094    0.000    0.141    0.000 default.py:739(should_autocommit)
    85599    0.140    0.000    0.140    0.000 _weakrefset.py:70(__contains__)
    50049    0.093    0.000    0.140    0.000 elements.py:3910(__new__)
    56738    0.137    0.000    0.137    0.000 util.py:617(__init__)
    56786    0.137    0.000    0.137    0.000 query.py:2992(_select_args)
    71275    0.116    0.000    0.137    0.000 base.py:89(__getattr__)
    35511    0.117    0.000    0.134    0.000 query.py:329(_entity_zero)
   872748    0.134    0.000    0.134    0.000 {method 'update' of 'set' objects}
    28429    0.133    0.000    0.133    0.000 compiler.py:1718(<listcomp>)
    49620    0.132    0.000    0.132    0.000 weakref.py:134(__getitem__)
    35509    0.132    0.000    0.132    0.000 cursors.py:65(__init__)
14987/14770    0.082    0.000    0.131    0.000 langhelpers.py:833(__getattr__)
   113512    0.131    0.000    0.131    0.000 path_registry.py:70(get)
    21272    0.053    0.000    0.127    0.000 loading.py:290(<listcomp>)
    63826    0.089    0.000    0.124    0.000 util.py:227(surface_selectables)
     7100    0.045    0.000    0.121    0.000 base.py:452(__init__)
     7092    0.035    0.000    0.121    0.000 globals.py:42(_lookup_app_object)
     7158    0.029    0.000    0.119    0.000 <string>:1(_adapt_all_clauses)
    63868    0.118    0.000    0.118    0.000 identity.py:161(get)
    49916    0.074    0.000    0.117    0.000 query.py:451(_clone)
    21273    0.098    0.000    0.116    0.000 selectable.py:1244(self_group)
   148905    0.114    0.000    0.114    0.000 annotation.py:97(__hash__)
    21282    0.095    0.000    0.113    0.000 annotation.py:52(__init__)
     7090    0.019    0.000    0.113    0.000 <string>:1(params)
   638271    0.113    0.000    0.113    0.000 elements.py:3962(apply_map)
     7166    0.015    0.000    0.112    0.000 path_registry.py:143(__add__)
    92293    0.111    0.000    0.111    0.000 {method 'difference' of 'set' objects}
    14179    0.073    0.000    0.111    0.000 base.py:389(_inspect_mapped_class)
   349709    0.109    0.000    0.109    0.000 {method 'decode' of 'bytes' objects}
    14174    0.098    0.000    0.108    0.000 relationships.py:1395(visit_bindparam)
   248563    0.105    0.000    0.105    0.000 cursors.py:198(_get_db)
    14174    0.074    0.000    0.103    0.000 session.py:2172(_contains_state)
    42595    0.094    0.000    0.103    0.000 query.py:3568(__init__)
   709130    0.103    0.000    0.103    0.000 {built-in method builtins.id}
    35454    0.095    0.000    0.102    0.000 schema.py:1465(get_children)
    35435    0.061    0.000    0.100    0.000 custom_template.py:19(<lambda>)
     7087    0.018    0.000    0.099    0.000 <string>:1(slice)
    70968    0.098    0.000    0.098    0.000 __init__.py:1530(getEffectiveLevel)
     7166    0.021    0.000    0.097    0.000 {built-in method _functools.reduce}
    35509    0.097    0.000    0.097    0.000 result.py:237(<listcomp>)
    14176    0.032    0.000    0.096    0.000 times.py:133(mysql_timestamp_converter)
    35509    0.094    0.000    0.094    0.000 {built-in method sqlalchemy.cutils._distill_params}
    63887    0.092    0.000    0.092    0.000 {method 'split' of 'str' objects}
    92176    0.078    0.000    0.091    0.000 {built-in method builtins.hash}
    49609    0.082    0.000    0.089    0.000 result.py:409(_colnames_from_description)
    49820    0.081    0.000    0.088    0.000 elements.py:208(_cloned_set)
     7087    0.046    0.000    0.086    0.000 helpers.py:63(fget)
    28843    0.066    0.000    0.085    0.000 langhelpers.py:805(expire_instance)
    28365    0.046    0.000    0.085    0.000 compiler.py:2945(format_alias)
    78101    0.083    0.000    0.083    0.000 {method 'encode' of 'str' objects}
     7087    0.038    0.000    0.081    0.000 compiler.py:737(visit_textclause)
    56706    0.081    0.000    0.081    0.000 state.py:385(dict)
    35515    0.074    0.000    0.080    0.000 compiler.py:1280(bindparam_string)
    14181    0.062    0.000    0.079    0.000 visitors.py:252(traverse_using)
     7087    0.022    0.000    0.078    0.000 contact.py:32(email)
     7087    0.036    0.000    0.077    0.000 base.py:359(_entity_descriptor)
     7100    0.051    0.000    0.076    0.000 _collections.py:253(__init__)
     7183    0.020    0.000    0.076    0.000 path_registry.py:145(<lambda>)
    21295    0.056    0.000    0.076    0.000 elements.py:4208(_expression_literal_as_text)
     7087    0.021    0.000    0.076    0.000 elements.py:1225(__init__)
    56963    0.060    0.000    0.075    0.000 type_api.py:1278(to_instance)
    99812    0.074    0.000    0.074    0.000 {method 'pop' of 'list' objects}
     7158    0.018    0.000    0.074    0.000 <string>:1(_with_invoke_all_eagers)
    56843    0.074    0.000    0.074    0.000 query.py:3650(_get_entity_clauses)
    77957    0.061    0.000    0.074    0.000 api_resource.py:901(is_visible)
     7099    0.046    0.000    0.071    0.000 local.py:163(top)
     7159    0.018    0.000    0.070    0.000 <string>:1(_with_current_path)
    35435    0.032    0.000    0.069    0.000 base64.py:51(b64encode)
    14695    0.049    0.000    0.068    0.000 base.py:566(__contains__)
    35509    0.055    0.000    0.067    0.000 default.py:791(_use_server_side_cursor)
    21272    0.058    0.000    0.067    0.000 result.py:663(_has_key)
    14207    0.058    0.000    0.066    0.000 registry.py:147(__init__)
    49653    0.046    0.000    0.062    0.000 selectable.py:602(embedded)
    14207    0.050    0.000    0.062    0.000 attr.py:167(_adjust_fn_spec)
     7157    0.037    0.000    0.061    0.000 loading.py:136(get_from_identity)
     7103    0.023    0.000    0.061    0.000 base.py:582(as_immutable)
    14174    0.049    0.000    0.060    0.000 util.py:987(has_identity)
    14207    0.046    0.000    0.060    0.000 schema.py:1817(_set_target_column)
    35509    0.059    0.000    0.059    0.000 session.py:252(_assert_active)
     7087    0.036    0.000    0.057    0.000 contact.py:101(company_id)
    42522    0.057    0.000    0.057    0.000 {method 'format' of 'str' objects}
    14182    0.052    0.000    0.057    0.000 strategies.py:1657(_create_scalar_loader)
    28429    0.043    0.000    0.057    0.000 base.py:896(get_select_precolumns)
     7101    0.030    0.000    0.056    0.000 instrumentation.py:346(new_instance)
    21283    0.040    0.000    0.055    0.000 annotation.py:38(__new__)
   120547    0.055    0.000    0.055    0.000 relationships.py:2890(__call__)
    28421    0.040    0.000    0.054    0.000 _collections.py:756(<listcomp>)
     7087    0.039    0.000    0.052    0.000 langhelpers.py:79(decode_slice)
     7088    0.029    0.000    0.052    0.000 query.py:344(_joinpoint_zero)
    14174    0.043    0.000    0.051    0.000 base.py:269(object_state)
    21272    0.044    0.000    0.050    0.000 strategies.py:1304(_gen_pooled_aliased_class)
    42547    0.050    0.000    0.050    0.000 mapper.py:2401(isa)
    14200    0.040    0.000    0.050    0.000 registry.py:51(_collection_gced)
     7090    0.034    0.000    0.049    0.000 _collections.py:807(has_intersection)
     7096    0.023    0.000    0.046    0.000 elements.py:1865(<listcomp>)
    42596    0.046    0.000    0.046    0.000 identity.py:54(check_modified)
14362/14288    0.036    0.000    0.045    0.000 elements.py:715(proxy_set)
    14176    0.045    0.000    0.045    0.000 collections.py:581(__init__)
    56711    0.044    0.000    0.044    0.000 loading.py:397(<listcomp>)
     7087    0.020    0.000    0.044    0.000 result.py:1053(_fetchone_impl)
    42600    0.044    0.000    0.044    0.000 mapper.py:1946(_with_polymorphic_mappers)
     7090    0.033    0.000    0.043    0.000 query.py:1481(params)
    14338    0.034    0.000    0.042    0.000 elements.py:3740(_from_objects)
    14256    0.023    0.000    0.041    0.000 query.py:263(_adapt_clause)
    35509    0.040    0.000    0.040    0.000 {method 'field_flags' of '_mysql.result' objects}
     7088    0.029    0.000    0.040    0.000 type_api.py:504(coerce_compared_value)
    70915    0.040    0.000    0.040    0.000 util.py:572(<lambda>)
    28424    0.039    0.000    0.039    0.000 {method 'acquire' of '_thread.lock' objects}
     7103    0.024    0.000    0.038    0.000 base.py:587(__init__)
     7087    0.009    0.000    0.037    0.000 base.py:790(should_autocommit_text)
    28660    0.037    0.000    0.037    0.000 result.py:1098(<listcomp>)
    35435    0.037    0.000    0.037    0.000 {built-in method binascii.b2a_base64}
    56790    0.036    0.000    0.036    0.000 mapper.py:2073(selectable)
    42798    0.035    0.000    0.035    0.000 attr.py:214(__call__)
     7156    0.015    0.000    0.035    0.000 connections.py:224(unicode_literal)
    56719    0.035    0.000    0.035    0.000 {method 'issuperset' of 'frozenset' objects}
    71018    0.035    0.000    0.035    0.000 cursors.py:124(_check_executed)
   198655    0.034    0.000    0.034    0.000 interfaces.py:632(setup_query)
    21272    0.020    0.000    0.034    0.000 selectable.py:1285(_copy_internals)
    21272    0.033    0.000    0.034    0.000 util.py:555(_memo)
    35435    0.033    0.000    0.033    0.000 re.py:286(_compile)
    28430    0.025    0.000    0.033    0.000 _collections.py:395(__iter__)
   156225    0.032    0.000    0.032    0.000 mapper.py:690(mapper)
    14418    0.030    0.000    0.032    0.000 _collections.py:332(__setitem__)
    28359    0.032    0.000    0.032    0.000 converters.py:58(Thing2Str)
    35519    0.031    0.000    0.031    0.000 _collections.py:725(__init__)
     7090    0.025    0.000    0.031    0.000 selectable.py:890(self_group)
    28396    0.024    0.000    0.030    0.000 visitors.py:309(<listcomp>)
    14174    0.030    0.000    0.030    0.000 identity.py:107(contains_state)
    14190    0.027    0.000    0.029    0.000 _collections.py:369(add)
     7090    0.027    0.000    0.029    0.000 strategies.py:1618(_create_collection_loader)
    14203    0.029    0.000    0.029    0.000 _collections.py:178(__init__)
     7087    0.020    0.000    0.029    0.000 contact.py:195(no_third_party)
    14207    0.025    0.000    0.029    0.000 registry.py:163(with_wrapper)
     7328    0.028    0.000    0.028    0.000 {method 'match' of '_sre.SRE_Pattern' objects}
    14184    0.017    0.000    0.028    0.000 base.py:208(manager_of_class)
     7087    0.027    0.000    0.027    0.000 helpers.py:254(__init__)
     7091    0.022    0.000    0.027    0.000 util.py:537(_entity_for_mapper)
   100257    0.026    0.000    0.026    0.000 {built-in method builtins.setattr}
     7099    0.021    0.000    0.026    0.000 local.py:70(__getattr__)
     7087    0.016    0.000    0.025    0.000 dbal_contact.py:112(email_address)
     7087    0.020    0.000    0.024    0.000 cursors.py:420(fetchone)
    28422    0.023    0.000    0.023    0.000 {built-in method builtins.next}
     7087    0.014    0.000    0.023    0.000 contact.py:132(salutation)
     7087    0.014    0.000    0.023    0.000 contact.py:247(membership_number)
     7087    0.015    0.000    0.022    0.000 contact.py:204(skype_name)
    71035    0.022    0.000    0.022    0.000 registry.py:242(_listen_fn)
     7101    0.021    0.000    0.021    0.000 state.py:77(__init__)
    14338    0.021    0.000    0.021    0.000 weakref.py:431(__contains__)
     7087    0.012    0.000    0.021    0.000 contact.py:231(is_admin)
        3    0.001    0.000    0.020    0.007 selectable.py:3447(_populate_column_collection)
    78139    0.020    0.000    0.020    0.000 {method 'values' of 'dict' objects}
     7087    0.013    0.000    0.019    0.000 contact.py:239(dont_mail)
    14178    0.014    0.000    0.019    0.000 sqltypes.py:2608(_resolve_value_to_type)
     7096    0.014    0.000    0.019    0.000 _collections.py:788(coerce_generator_arg)
    14207    0.017    0.000    0.019    0.000 registry.py:159(_key)
     7087    0.012    0.000    0.019    0.000 contact.py:223(is_tutor)
    21273    0.019    0.000    0.019    0.000 path_registry.py:91(<listcomp>)
        3    0.000    0.000    0.018    0.006 query.py:4088(setup_context)
    28362    0.018    0.000    0.018    0.000 elements.py:2965(get_children)
    14415    0.018    0.000    0.018    0.000 langhelpers.py:1247(set_creation_order)
        1    0.000    0.000    0.018    0.018 query.py:1034(from_self)
    14176    0.018    0.000    0.018    0.000 instrumentation.py:337(get_impl)
        5    0.000    0.000    0.018    0.004 query.py:303(replace)
        2    0.000    0.000    0.018    0.009 query.py:457(statement)
    35507    0.018    0.000    0.018    0.000 query.py:321(_query_entity_zero)
    21273    0.017    0.000    0.017    0.000 path_registry.py:99(contains)
    92245    0.017    0.000    0.017    0.000 selectable.py:237(selectable)
    28431    0.017    0.000    0.017    0.000 {method 'union' of 'set' objects}
    21270    0.017    0.000    0.017    0.000 query.py:416(_no_statement_condition)
    14183    0.017    0.000    0.017    0.000 query.py:424(_no_limit_offset)
    28424    0.016    0.000    0.016    0.000 query.py:4141(<genexpr>)
    14695    0.016    0.000    0.016    0.000 _collections.py:214(__contains__)
    14207    0.016    0.000    0.016    0.000 attr.py:46(_memoized_attr_ref)
    28364    0.015    0.000    0.015    0.000 relationships.py:2887(__init__)
    56961    0.015    0.000    0.015    0.000 {built-in method builtins.callable}
    14416    0.014    0.000    0.014    0.000 elements.py:196(_constructor)
    35509    0.014    0.000    0.014    0.000 result.py:790(_cursor_description)
    42624    0.014    0.000    0.014    0.000 selectable.py:1789(_from_objects)
    42596    0.014    0.000    0.014    0.000 {method 'keys' of 'dict' objects}
   141844    0.014    0.000    0.014    0.000 {method 'append' of 'collections.deque' objects}
     7156    0.005    0.000    0.013    0.000 connections.py:28(_fast_surrogateescape)
     7156    0.013    0.000    0.013    0.000 {method 'string_literal' of '_mysql.connection' objects}
    35509    0.013    0.000    0.013    0.000 compiler.py:244(__str__)
    35509    0.013    0.000    0.013    0.000 {method 'insert_id' of '_mysql.connection' objects}
    77977    0.013    0.000    0.013    0.000 elements.py:320(_copy_internals)
    35509    0.013    0.000    0.013    0.000 _collections.py:156(union)
     7087    0.007    0.000    0.013    0.000 mysqldb.py:71(post_process_text)
     7087    0.011    0.000    0.013    0.000 type_api.py:1125(process)
     7087    0.011    0.000    0.013    0.000 blueprint.py:149(_put_object)
     7088    0.009    0.000    0.012    0.000 ctx.py:48(get)
     7087    0.005    0.000    0.012    0.000 strategies.py:1031(get)
    14207    0.012    0.000    0.012    0.000 attr.py:71(_adjust_fn_spec)
    49620    0.012    0.000    0.012    0.000 {method 'difference_update' of 'set' objects}
    21287    0.012    0.000    0.012    0.000 {method 'setdefault' of 'dict' objects}
    35509    0.011    0.000    0.011    0.000 {method 'affected_rows' of '_mysql.connection' objects}
    56730    0.011    0.000    0.011    0.000 selectable.py:1304(_from_objects)
     7087    0.011    0.000    0.011    0.000 query.py:2554(slice)
    14417    0.011    0.000    0.011    0.000 {method 'get' of 'mappingproxy' objects}
    14174    0.011    0.000    0.011    0.000 state.py:298(has_identity)
    14174    0.011    0.000    0.011    0.000 relationships.py:1416(_get_attr_w_warn_on_none)
    28365    0.010    0.000    0.010    0.000 compiler.py:1415(get_render_as_alias_suffix)
     7100    0.010    0.000    0.010    0.000 _collections.py:271(__init__)
     7093    0.010    0.000    0.010    0.000 selectable.py:2803(<listcomp>)
     7090    0.010    0.000    0.010    0.000 _collections.py:816(<listcomp>)
    35509    0.010    0.000    0.010    0.000 {method 'warning_count' of '_mysql.connection' objects}
    14179    0.009    0.000    0.009    0.000 instrumentation.py:94(is_mapped)
    21272    0.009    0.000    0.009    0.000 result.py:570(_has_key)
    28424    0.009    0.000    0.009    0.000 {method 'release' of '_thread.lock' objects}
    42533    0.009    0.000    0.009    0.000 base.py:32(_clone)
    49610    0.009    0.000    0.009    0.000 api_resource.py:321(hook_post_serialise)
    35509    0.009    0.000    0.009    0.000 default.py:829(post_exec)
    49610    0.009    0.000    0.009    0.000 api_resource.py:317(hook_pre_serialise)
        1    0.000    0.000    0.009    0.009 helpers.py:177(make_response)
        1    0.000    0.000    0.009    0.009 app.py:2029(make_response)
        1    0.000    0.000    0.009    0.009 base_response.py:173(__init__)
        1    0.000    0.000    0.009    0.009 base_response.py:343(set_data)
     7157    0.009    0.000    0.009    0.000 mapper.py:2482(identity_key_from_primary_key)
    35509    0.008    0.000    0.008    0.000 default.py:826(pre_exec)
     7092    0.008    0.000    0.008    0.000 relationships.py:944(_source_selectable)
    70913    0.008    0.000    0.008    0.000 {method 'popleft' of 'collections.deque' objects}
    14174    0.008    0.000    0.008    0.000 base.py:293(_inspect_mapped_object)
    42546    0.008    0.000    0.008    0.000 elements.py:333(get_children)
    14995    0.008    0.000    0.008    0.000 {method 'startswith' of 'str' objects}
     7087    0.006    0.000    0.007    0.000 default.py:735(no_parameters)
    14187    0.007    0.000    0.007    0.000 {method 'extend' of 'list' objects}
  131/129    0.001    0.000    0.007    0.000 type_api.py:475(_dialect_info)
     7487    0.006    0.000    0.006    0.000 {method 'replace' of 'str' objects}
     7087    0.006    0.000    0.006    0.000 langhelpers.py:1013(asint)
        1    0.000    0.000    0.006    0.006 strategies.py:1036(_load)
    14207    0.006    0.000    0.006    0.000 base.py:112(_listen)
     7090    0.006    0.000    0.006    0.000 selectable.py:1608(__init__)
     7087    0.006    0.000    0.006    0.000 loading.py:608(_decorate_polymorphic_switch)
     7087    0.006    0.000    0.006    0.000 state.py:293(mapper)
    21274    0.005    0.000    0.005    0.000 elements.py:347(self_group)
     7090    0.005    0.000    0.005    0.000 {method 'intersection' of 'frozenset' objects}
     7158    0.005    0.000    0.005    0.000 query.py:954(_with_invoke_all_eagers)
    14183    0.005    0.000    0.005    0.000 elements.py:1811(get_children)
     7099    0.005    0.000    0.005    0.000 {built-in method _thread.get_ident}
    200/1    0.002    0.000    0.005    0.005 abc.py:196(__subclasscheck__)
   469/24    0.001    0.000    0.005    0.000 {built-in method builtins.issubclass}
        2    0.000    0.000    0.005    0.002 strategies.py:738(setup_query)
     7087    0.004    0.000    0.004    0.000 state.py:419(get_impl)
     7101    0.004    0.000    0.004    0.000 identity.py:156(_add_unpresent)
     7159    0.004    0.000    0.004    0.000 query.py:690(_with_current_path)
      237    0.001    0.000    0.004    0.000 compiler.py:2891(_requires_quotes)
        1    0.004    0.004    0.004    0.004 blueprint.py:182(<listcomp>)
     7158    0.004    0.000    0.004    0.000 query.py:259(_adapt_all_clauses)
      116    0.000    0.000    0.004    0.000 type_api.py:494(adapt)
    14174    0.003    0.000    0.003    0.000 dynamic.py:237(<lambda>)
      116    0.001    0.000    0.003    0.000 langhelpers.py:1034(constructor_copy)
   250/66    0.000    0.000    0.003    0.000 typing.py:1145(__subclasscheck__)
       31    0.000    0.000    0.003    0.000 util.py:743(_locate_col)
    14186    0.003    0.000    0.003    0.000 base.py:893(visit_false)
     7101    0.003    0.000    0.003    0.000 <string>:1(set)
     7087    0.003    0.000    0.003    0.000 strategies.py:1095(<listcomp>)
     7087    0.003    0.000    0.003    0.000 compiler.py:782(visit_null)
      132    0.000    0.000    0.003    0.000 elements.py:3762(_label)
      132    0.001    0.000    0.003    0.000 elements.py:3770(_gen_label)
     7095    0.002    0.000    0.002    0.000 langhelpers.py:845(<lambda>)
     7093    0.002    0.000    0.002    0.000 interfaces.py:642(create_row_processor)
     7093    0.002    0.000    0.002    0.000 {method 'items' of 'dict' objects}
        1    0.000    0.000    0.002    0.002 elements.py:3565(_copy_internals)
        1    0.000    0.000    0.002    0.002 strategies.py:947(_apply_joins)
        1    0.000    0.000    0.002    0.002 query.py:1745(join)
      119    0.000    0.000    0.002    0.000 type_api.py:491(_gen_dialect_impl)
        1    0.000    0.000    0.002    0.002 <string>:1(_join)
        1    0.000    0.000    0.002    0.002 query.py:2041(_join)
     7158    0.002    0.000    0.002    0.000 path_registry.py:259(__bool__)
    17/16    0.000    0.000    0.002    0.000 typing.py:875(__extrahook__)
        8    0.000    0.000    0.002    0.000 compiler.py:974(visit_unary)
        1    0.000    0.000    0.002    0.002 query.py:2156(_join_left_to_right)
        1    0.000    0.000    0.002    0.002 query.py:2314(_join_to_left)
      121    0.000    0.000    0.001    0.000 default.py:357(type_descriptor)
  238/116    0.001    0.000    0.001    0.000 langhelpers.py:232(get_cls_kwargs)
        1    0.000    0.000    0.001    0.001 util.py:897(join)
        2    0.000    0.000    0.001    0.001 compiler.py:1065(_generate_generic_unary_operator)
      217    0.001    0.000    0.001    0.000 langhelpers.py:843(oneshot)
     7087    0.001    0.000    0.001    0.000 __init__.py:35(process_result_value)
     7089    0.001    0.000    0.001    0.000 state.py:289(_pending_mutations)
        3    0.000    0.000    0.001    0.000 hybrid.py:800(expr)
       10    0.001    0.000    0.001    0.000 util.py:690(__init__)
        1    0.000    0.000    0.001    0.001 strategies.py:843(_generate_from_original_query)
        3    0.000    0.000    0.001    0.000 hybrid.py:777(_expr)
      121    0.000    0.000    0.001    0.000 type_api.py:1288(adapt_type)
        5    0.000    0.000    0.001    0.000 util.py:352(__init__)
        1    0.000    0.000    0.001    0.001 api_resource.py:480(add_should_be_hidden_filter_to_query)
       12    0.001    0.000    0.001    0.000 mapper.py:2101(_polymorphic_properties)
      158    0.001    0.000    0.001    0.000 _weakrefset.py:58(__iter__)
        5    0.000    0.000    0.001    0.000 util.py:460(__init__)
        1    0.000    0.000    0.001    0.001 functions.py:176(_copy_internals)
      275    0.000    0.000    0.001    0.000 elements.py:4074(_as_truncated)
       68    0.000    0.000    0.001    0.000 query.py:381(_get_condition)
        2    0.000    0.000    0.001    0.000 contact.py:63(is_deleted)
        1    0.000    0.000    0.001    0.001 selectable.py:1266(is_derived_from)
      132    0.001    0.000    0.001    0.000 times.py:115(Date_or_None)
        3    0.000    0.000    0.001    0.000 compiler.py:1895(order_by_clause)
        1    0.000    0.000    0.001    0.001 selectable.py:2960(is_derived_from)
      199    0.000    0.000    0.001    0.000 compiler.py:2880(quote_identifier)
        1    0.000    0.000    0.001    0.001 langhelpers.py:787(oneshot)
        1    0.000    0.000    0.001    0.001 selectable.py:2925(locate_all_froms)
        1    0.000    0.000    0.001    0.001 json.py:94(get_json)
        4    0.000    0.000    0.001    0.000 strategies.py:444(_memoized_attr__simple_lazy_clause)
       71    0.000    0.000    0.001    0.000 query.py:400(_no_criterion_condition)
      7/3    0.000    0.000    0.001    0.000 compiler.py:898(visit_function)
        3    0.000    0.000    0.001    0.000 api_resource.py:866(walk_to_entity)
        1    0.000    0.000    0.001    0.001 api_resource.py:395(_add_order_by_joins_to_query)
        1    0.000    0.000    0.001    0.001 query.py:476(subquery)
      7/3    0.000    0.000    0.001    0.000 compiler.py:921(function_argspec)
        3    0.000    0.000    0.001    0.000 query.py:3932(__init__)
        4    0.000    0.000    0.001    0.000 functions.py:305(__call__)
        1    0.000    0.000    0.001    0.001 api_resource.py:327(_add_find_filters_to_query)
        4    0.000    0.000    0.001    0.000 util.py:285(__init__)
        1    0.000    0.000    0.001    0.001 __init__.py:226(loads)
        3    0.000    0.000    0.001    0.000 sqltypes.py:1411(adapt)
        1    0.000    0.000    0.000    0.000 dbal_contact.py:150(name)
        1    0.000    0.000    0.000    0.000 elements.py:3051(_copy_internals)
       11    0.000    0.000    0.000    0.000 attributes.py:145(__clause_element__)
        7    0.000    0.000    0.000    0.000 properties.py:245(_memoized_method___clause_element__)
        3    0.000    0.000    0.000    0.000 enumerated.py:63(__init__)
        1    0.000    0.000    0.000    0.000 __init__.py:131(_load_arg_defaults)
      8/4    0.000    0.000    0.000    0.000 operators.py:42(__and__)
        1    0.000    0.000    0.000    0.000 strategies.py:1038(<genexpr>)
        3    0.000    0.000    0.000    0.000 functions.py:422(__init__)
        2    0.000    0.000    0.000    0.000 <string>:1(order_by)
        6    0.000    0.000    0.000    0.000 base.py:40(_generative)
        3    0.000    0.000    0.000    0.000 query.py:251(_adapt_col_list)
       32    0.000    0.000    0.000    0.000 elements.py:4051(__add__)
        3    0.000    0.000    0.000    0.000 functions.py:56(__init__)
        3    0.000    0.000    0.000    0.000 query.py:253(<listcomp>)
        2    0.000    0.000    0.000    0.000 query.py:1565(order_by)
        3    0.000    0.000    0.000    0.000 sqltypes.py:1208(__init__)
        3    0.000    0.000    0.000    0.000 elements.py:4184(_literal_as_label_reference)
        1    0.000    0.000    0.000    0.000 strategies.py:992(_setup_options)
      133    0.000    0.000    0.000    0.000 elements.py:3766(_render_label_in_columns_clause)
      110    0.000    0.000    0.000    0.000 _weakrefset.py:26(__exit__)
        1    0.000    0.000    0.000    0.000 query.py:1326(_conditional_options)
        5    0.000    0.000    0.000    0.000 query.py:188(_set_select_from)
        1    0.000    0.000    0.000    0.000 sre_compile.py:557(compile)
      183    0.000    0.000    0.000    0.000 mapper.py:2106(_iterate_polymorphic_properties)
        1    0.000    0.000    0.000    0.000 <string>:1(_options)
      199    0.000    0.000    0.000    0.000 mysqldb.py:77(_escape_identifier)
      210    0.000    0.000    0.000    0.000 elements.py:3929(_memoized_method_lower)
       24    0.000    0.000    0.000    0.000 _collections.py:316(values)
        7    0.000    0.000    0.000    0.000 elements.py:1775(__init__)
      535    0.000    0.000    0.000    0.000 langhelpers.py:1043(<genexpr>)
        1    0.000    0.000    0.000    0.000 util.py:530(_adapt_element)
       16    0.000    0.000    0.000    0.000 elements.py:4114(_cloned_intersection)
        2    0.000    0.000    0.000    0.000 <string>:1(where)
        4    0.000    0.000    0.000    0.000 {built-in method _operator.and_}
        2    0.000    0.000    0.000    0.000 _collections.py:934(lightweight_named_tuple)
        1    0.000    0.000    0.000    0.000 <string>:1(_from_selectable)
        2    0.000    0.000    0.000    0.000 type_api.py:1096(result_processor)
        1    0.000    0.000    0.000    0.000 util.py:737(traverse)
       26    0.000    0.000    0.000    0.000 elements.py:663(comparator)
      238    0.000    0.000    0.000    0.000 result.py:168(keys)
        6    0.000    0.000    0.000    0.000 selectable.py:2797(<genexpr>)
        7    0.000    0.000    0.000    0.000 elements.py:1784(<listcomp>)
        3    0.000    0.000    0.000    0.000 enumerated.py:129(_setup_for_values)
        8    0.000    0.000    0.000    0.000 elements.py:4268(_literal_as_binds)
        2    0.000    0.000    0.000    0.000 selectable.py:3150(where)
        3    0.000    0.000    0.000    0.000 functions.py:59(<listcomp>)
        2    0.000    0.000    0.000    0.000 selectable.py:3376(append_whereclause)
        4    0.000    0.000    0.000    0.000 default_comparator.py:97(_conjunction_operate)
        3    0.000    0.000    0.000    0.000 selectable.py:2809(<listcomp>)
        1    0.000    0.000    0.000    0.000 hybrid.py:845(operate)
       12    0.000    0.000    0.000    0.000 mapper.py:1559(_prop_set)
        1    0.000    0.000    0.000    0.000 <string>:1(add_columns)
       24    0.000    0.000    0.000    0.000 _collections.py:317(<listcomp>)
      105    0.000    0.000    0.000    0.000 langhelpers.py:273(inspect_func_args)
       12    0.000    0.000    0.000    0.000 mapper.py:1871(iterate_properties)
        3    0.000    0.000    0.000    0.000 <string>:1(select_from)
        4    0.000    0.000    0.000    0.000 selectable.py:552(_is_lexical_equivalent)
       71    0.000    0.000    0.000    0.000 query.py:388(_no_criterion_assertion)
        2    0.000    0.000    0.000    0.000 type_api.py:832(_gen_dialect_impl)
      110    0.000    0.000    0.000    0.000 _weakrefset.py:81(add)
        1    0.000    0.000    0.000    0.000 query.py:1216(_from_selectable)
       68    0.000    0.000    0.000    0.000 loading.py:200(<listcomp>)
        1    0.000    0.000    0.000    0.000 query.py:1287(add_columns)
        4    0.000    0.000    0.000    0.000 <string>:1(correlate)
        4    0.000    0.000    0.000    0.000 util.py:384(__getattr__)
        9    0.000    0.000    0.000    0.000 elements.py:3576(_from_objects)
      171    0.000    0.000    0.000    0.000 interfaces.py:470(_memoized_attr__wildcard_token)
        1    0.000    0.000    0.000    0.000 sre_compile.py:542(_code)
        3    0.000    0.000    0.000    0.000 sqltypes.py:1324(_setup_for_values)
        2    0.000    0.000    0.000    0.000 <string>:1(or_)
      161    0.000    0.000    0.000    0.000 path_registry.py:162(__getitem__)
        2    0.000    0.000    0.000    0.000 elements.py:1935(or_)
       17    0.000    0.000    0.000    0.000 mapper.py:935(_path_registry)
        7    0.000    0.000    0.000    0.000 elements.py:4362(__init__)
        1    0.000    0.000    0.000    0.000 sre_parse.py:844(parse)
      171    0.000    0.000    0.000    0.000 interfaces.py:474(_memoized_attr__default_path_loader_key)
      110    0.000    0.000    0.000    0.000 _weakrefset.py:20(__enter__)
        6    0.000    0.000    0.000    0.000 compiler.py:999(visit_istrue_unary_operator)
        2    0.000    0.000    0.000    0.000 selectable.py:2833(<listcomp>)
      119    0.000    0.000    0.000    0.000 type_api.py:306(_has_column_expression)
        1    0.000    0.000    0.000    0.000 {method 'issuperset' of 'set' objects}
        4    0.000    0.000    0.000    0.000 attributes.py:154(adapt_to_entity)
        6    0.000    0.000    0.000    0.000 instrumentation.py:210(_state_constructor)
        2    0.000    0.000    0.000    0.000 type_api.py:433(dialect_impl)
        1    0.000    0.000    0.000    0.000 strategies.py:1049(create_row_processor)
        3    0.000    0.000    0.000    0.000 query.py:2376(select_from)
      127    0.000    0.000    0.000    0.000 {method '__subclasses__' of 'type' objects}
        2    0.000    0.000    0.000    0.000 sre_compile.py:223(_compile_charset)
        1    0.000    0.000    0.000    0.000 sre_parse.py:407(_parse_sub)
        1    0.000    0.000    0.000    0.000 strategies.py:900(_prep_for_joins)
        1    0.000    0.000    0.000    0.000 api_resource.py:429(_parse_pagination_and_partial_load_args)
        1    0.000    0.000    0.000    0.000 sre_compile.py:482(_compile_info)
        3    0.000    0.000    0.000    0.000 datastructures.py:1247(__setitem__)
      133    0.000    0.000    0.000    0.000 elements.py:3755(_key_label)
        2    0.000    0.000    0.000    0.000 query.py:4013(<listcomp>)
        4    0.000    0.000    0.000    0.000 globals.py:49(_find_app)
        1    0.000    0.000    0.000    0.000 functions.py:627(__init__)
        2    0.000    0.000    0.000    0.000 sre_compile.py:250(_optimize_charset)
       74    0.000    0.000    0.000    0.000 sqltypes.py:126(__init__)
      121    0.000    0.000    0.000    0.000 weakref.py:406(__setitem__)
        6    0.000    0.000    0.000    0.000 selectable.py:1915(_generate)
       17    0.000    0.000    0.000    0.000 path_registry.py:125(per_mapper)
        1    0.000    0.000    0.000    0.000 sre_parse.py:470(_parse)
        5    0.000    0.000    0.000    0.000 elements.py:1883(<listcomp>)
        1    0.000    0.000    0.000    0.000 functions.py:531(__init__)
        2    0.000    0.000    0.000    0.000 elements.py:3580(_make_proxy)
      251    0.000    0.000    0.000    0.000 {method 'lower' of 'str' objects}
        3    0.000    0.000    0.000    0.000 elements.py:4194(_literal_and_labels_as_label_reference)
        7    0.000    0.000    0.000    0.000 {built-in method builtins.max}
        1    0.000    0.000    0.000    0.000 query.py:2888(column_descriptions)
        2    0.000    0.000    0.000    0.000 collections.py:620(append_multiple_without_event)
        3    0.000    0.000    0.000    0.000 datastructures.py:1199(set)
        1    0.000    0.000    0.000    0.000 strategies.py:818(_get_leftmost)
        9    0.000    0.000    0.000    0.000 selectable.py:666(_reset_exported)
        4    0.000    0.000    0.000    0.000 selectable.py:3220(correlate)
        3    0.000    0.000    0.000    0.000 util.py:34(find_join_source)
        4    0.000    0.000    0.000    0.000 elements.py:3057(_from_objects)
       71    0.000    0.000    0.000    0.000 sqltypes.py:241(result_processor)
        1    0.000    0.000    0.000    0.000 json.py:83(_get_data_for_json)
        5    0.000    0.000    0.000    0.000 sqltypes.py:1458(process)
        2    0.000    0.000    0.000    0.000 selectable.py:1891(label)
        1    0.000    0.000    0.000    0.000 type_api.py:822(comparator_factory)
        1    0.000    0.000    0.000    0.000 json.py:71(is_json)
        1    0.000    0.000    0.000    0.000 base_request.py:427(get_data)
       73    0.000    0.000    0.000    0.000 attributes.py:74(_supports_population)
        2    0.000    0.000    0.000    0.000 functions.py:169(_from_objects)
      110    0.000    0.000    0.000    0.000 _weakrefset.py:52(_commit_removals)
        1    0.000    0.000    0.000    0.000 types.py:213(__init__)
        1    0.000    0.000    0.000    0.000 common_descriptors.py:99(mimetype)
        2    0.000    0.000    0.000    0.000 elements.py:736(_make_proxy)
        8    0.000    0.000    0.000    0.000 util.py:238(surface_column_elements)
        1    0.000    0.000    0.000    0.000 type_api.py:812(operate)
        1    0.000    0.000    0.000    0.000 sqltypes.py:698(result_processor)
      110    0.000    0.000    0.000    0.000 _weakrefset.py:16(__init__)
        1    0.000    0.000    0.000    0.000 __init__.py:447(loads)
        1    0.000    0.000    0.000    0.000 common_descriptors.py:93(_parse_content_type)
        1    0.000    0.000    0.000    0.000 collection.py:5(split_immutablemultidict_based_on_key)
       72    0.000    0.000    0.000    0.000 typing.py:1019(_abc_negative_cache)
        3    0.000    0.000    0.000    0.000 enumerated.py:16(_init_values)
        2    0.000    0.000    0.000    0.000 <string>:1(with_labels)
        1    0.000    0.000    0.000    0.000 common_descriptors.py:142(mimetype)
        1    0.000    0.000    0.000    0.000 sre_compile.py:64(_compile)
        1    0.000    0.000    0.000    0.000 strategies.py:942(<listcomp>)
        2    0.000    0.000    0.000    0.000 loading.py:77(<listcomp>)
        6    0.000    0.000    0.000    0.000 base.py:305(_class_to_mapper)
       45    0.000    0.000    0.000    0.000 typing.py:1033(_abc_negative_cache_version)
        4    0.000    0.000    0.000    0.000 selectable.py:3281(<genexpr>)
       81    0.000    0.000    0.000    0.000 typing.py:1089(__eq__)
        1    0.000    0.000    0.000    0.000 <string>:1(_set_enable_single_crit)
        2    0.000    0.000    0.000    0.000 mapper.py:2301(_equivalent_columns)
        2    0.000    0.000    0.000    0.000 _collections.py:904(__setitem__)
        4    0.000    0.000    0.000    0.000 types.py:65(__init__)
       68    0.000    0.000    0.000    0.000 query.py:437(_get_options)
        2    0.000    0.000    0.000    0.000 _collections.py:943(<listcomp>)
        1    0.000    0.000    0.000    0.000 query.py:375(__all_equivs)
        1    0.000    0.000    0.000    0.000 attributes.py:162(of_type)
        3    0.000    0.000    0.000    0.000 relationships.py:924(adapt_to_entity)
        3    0.000    0.000    0.000    0.000 elements.py:805(label)
        1    0.000    0.000    0.000    0.000 http.py:378(parse_options_header)
        2    0.000    0.000    0.000    0.000 <string>:1(enable_eagerloads)
        5    0.000    0.000    0.000    0.000 enumerated.py:133(_object_value_for_elem)
        3    0.000    0.000    0.000    0.000 elements.py:3541(element)
        6    0.000    0.000    0.000    0.000 functions.py:272(self_group)
       68    0.000    0.000    0.000    0.000 query.py:325(_mapper_zero)
        3    0.000    0.000    0.000    0.000 query.py:407(_no_clauseelement_condition)
      205    0.000    0.000    0.000    0.000 {built-in method sys._getframe}
        1    0.000    0.000    0.000    0.000 query.py:1329(_options)
        5    0.000    0.000    0.000    0.000 attributes.py:55(__init__)
        1    0.000    0.000    0.000    0.000 utils.py:85(__get__)
        6    0.000    0.000    0.000    0.000 collections.py:1044(append)
        1    0.000    0.000    0.000    0.000 elements.py:3817(_make_proxy)
        1    0.000    0.000    0.000    0.000 query.py:2929(<listcomp>)
        1    0.000    0.000    0.000    0.000 api_resource.py:527(<listcomp>)
        1    0.000    0.000    0.000    0.000 types.py:32(__init__)
        2    0.000    0.000    0.000    0.000 enum.py:803(__and__)
       70    0.000    0.000    0.000    0.000 _collections_abc.py:392(__subclasshook__)
        2    0.000    0.000    0.000    0.000 query.py:4057(setup_entity)
        1    0.000    0.000    0.000    0.000 query.py:4064(corresponds_to)
        2    0.000    0.000    0.000    0.000 selectable.py:1878(as_scalar)
        3    0.000    0.000    0.000    0.000 elements.py:3489(__init__)
        2    0.000    0.000    0.000    0.000 query.py:4076(row_processor)
       32    0.000    0.000    0.000    0.000 elements.py:4122(<genexpr>)
       26    0.000    0.000    0.000    0.000 type_api.py:56(__init__)
        1    0.000    0.000    0.000    0.000 base_request.py:361(stream)
        4    0.000    0.000    0.000    0.000 functions.py:291(__getattr__)
        1    0.000    0.000    0.000    0.000 functions.py:534(<listcomp>)
       22    0.000    0.000    0.000    0.000 sqltypes.py:1566(__init__)
       15    0.000    0.000    0.000    0.000 datastructures.py:545(items)
        1    0.000    0.000    0.000    0.000 attributes.py:148(_query_clause_element)
        5    0.000    0.000    0.000    0.000 attributes.py:199(property)
        2    0.000    0.000    0.000    0.000 sre_compile.py:376(_mk_bitmap)
       22    0.000    0.000    0.000    0.000 sqltypes.py:1623(result_processor)
      225    0.000    0.000    0.000    0.000 {method 'discard' of 'set' objects}
        2    0.000    0.000    0.000    0.000 local.py:327(__bool__)
        1    0.000    0.000    0.000    0.000 decoder.py:363(decode)
        8    0.000    0.000    0.000    0.000 sre_parse.py:253(get)
        1    0.000    0.000    0.000    0.000 api_resource.py:733(get_perms_find_filter)
        2    0.000    0.000    0.000    0.000 selectable.py:3567(__init__)
        2    0.000    0.000    0.000    0.000 base_response.py:292(_set_status_code)
        1    0.000    0.000    0.000    0.000 types.py:21(__init__)
        1    0.000    0.000    0.000    0.000 types.py:567(__init__)
        3    0.000    0.000    0.000    0.000 attributes.py:257(__init__)
        3    0.000    0.000    0.000    0.000 sqltypes.py:1454(result_processor)
        1    0.000    0.000    0.000    0.000 local.py:365(<lambda>)
       10    0.000    0.000    0.000    0.000 _collections_abc.py:72(_check_methods)
       13    0.000    0.000    0.000    0.000 mapper.py:1935(_single_table_criterion)
        6    0.000    0.000    0.000    0.000 mapper.py:2972(_event_on_first_init)
        1    0.000    0.000    0.000    0.000 elements.py:2235(literal_column)
        2    0.000    0.000    0.000    0.000 _collections.py:913(_manage_size)
        3    0.000    0.000    0.000    0.000 globals.py:35(_lookup_req_object)
        1    0.000    0.000    0.000    0.000 strategies.py:835(<listcomp>)
       30    0.000    0.000    0.000    0.000 sqltypes.py:1301(<genexpr>)
        3    0.000    0.000    0.000    0.000 datastructures.py:404(__init__)
        1    0.000    0.000    0.000    0.000 hybrid.py:818(__clause_element__)
        2    0.000    0.000    0.000    0.000 type_api.py:419(_type_affinity)
        6    0.000    0.000    0.000    0.000 _collections.py:689(<genexpr>)
        1    0.000    0.000    0.000    0.000 wsgi.py:928(read)
        1    0.000    0.000    0.000    0.000 wsgi.py:202(get_input_stream)
        2    0.000    0.000    0.000    0.000 weakref.py:109(remove)
        1    0.000    0.000    0.000    0.000 query.py:2229(_prepare_right_side)
       13    0.000    0.000    0.000    0.000 mapper.py:1954(_with_polymorphic_selectable)
        8    0.000    0.000    0.000    0.000 elements.py:2759(_from_objects)
        1    0.000    0.000    0.000    0.000 decoder.py:302(__init__)
        1    0.000    0.000    0.000    0.000 decoder.py:376(raw_decode)
       13    0.000    0.000    0.000    0.000 sre_parse.py:232(__next)
        4    0.000    0.000    0.000    0.000 enum.py:267(__call__)
        2    0.000    0.000    0.000    0.000 selectable.py:2847(_scalar_type)
        2    0.000    0.000    0.000    0.000 _collections_abc.py:252(__subclasshook__)
       19    0.000    0.000    0.000    0.000 _collections_abc.py:302(__subclasshook__)
        1    0.000    0.000    0.000    0.000 strategies.py:1091(_create_collection_loader)
        7    0.000    0.000    0.000    0.000 type_api.py:344(_has_bind_expression)
       30    0.000    0.000    0.000    0.000 sqltypes.py:1331(<genexpr>)
        2    0.000    0.000    0.000    0.000 sre_compile.py:378(<listcomp>)
        5    0.000    0.000    0.000    0.000 sre_parse.py:248(match)
      110    0.000    0.000    0.000    0.000 {method 'remove' of 'set' objects}
        3    0.000    0.000    0.000    0.000 enumerated.py:44(<listcomp>)
        4    0.000    0.000    0.000    0.000 strategies.py:452(visit_bindparam)
        1    0.000    0.000    0.000    0.000 relationships.py:967(of_type)
        3    0.000    0.000    0.000    0.000 sqltypes.py:977(__init__)
        1    0.000    0.000    0.000    0.000 datastructures.py:1138(__contains__)
        2    0.000    0.000    0.000    0.000 _collections_abc.py:349(__subclasshook__)
        1    0.000    0.000    0.000    0.000 blueprint.py:115(after)
        3    0.000    0.000    0.000    0.000 elements.py:2893(__init__)
        5    0.000    0.000    0.000    0.000 elements.py:3036(__init__)
        2    0.000    0.000    0.000    0.000 type_api.py:1150(copy)
        1    0.000    0.000    0.000    0.000 sqltypes.py:344(__init__)
        1    0.000    0.000    0.000    0.000 weakref.py:356(remove)
        2    0.000    0.000    0.000    0.000 elements.py:3545(self_group)
       28    0.000    0.000    0.000    0.000 type_api.py:268(result_processor)
        3    0.000    0.000    0.000    0.000 sqltypes.py:209(bind_processor)
        3    0.000    0.000    0.000    0.000 sqltypes.py:1334(<listcomp>)
        1    0.000    0.000    0.000    0.000 wrappers.py:81(blueprint)
        5    0.000    0.000    0.000    0.000 datastructures.py:560(lists)
        1    0.000    0.000    0.000    0.000 sre_parse.py:223(__init__)
        1    0.000    0.000    0.000    0.000 query.py:899(correlate)
        6    0.000    0.000    0.000    0.000 relationships.py:1355(property)
        1    0.000    0.000    0.000    0.000 interfaces.py:351(adapt_to_entity)
        5    0.000    0.000    0.000    0.000 elements.py:4322(_const_expr)
        3    0.000    0.000    0.000    0.000 sqltypes.py:1312(_parse_into_values)
        6    0.000    0.000    0.000    0.000 datastructures.py:911(_unicodify_header_value)
        4    0.000    0.000    0.000    0.000 relationships.py:912(__init__)
        1    0.000    0.000    0.000    0.000 base.py:353(_is_aliased_class)
        5    0.000    0.000    0.000    0.000 sqltypes.py:1369(_object_value_for_elem)
        2    0.000    0.000    0.000    0.000 utils.py:266(get_content_type)
        1    0.000    0.000    0.000    0.000 sre_parse.py:173(getwidth)
        1    0.000    0.000    0.000    0.000 encoder.py:104(__init__)
        4    0.000    0.000    0.000    0.000 enum.py:517(__new__)
        2    0.000    0.000    0.000    0.000 _collections_abc.py:271(__subclasshook__)
        1    0.000    0.000    0.000    0.000 query.py:2941(<listcomp>)
        8    0.000    0.000    0.000    0.000 interfaces.py:363(adapter)
        1    0.000    0.000    0.000    0.000 processors.py:146(to_decimal_processor_factory)
        2    0.000    0.000    0.000    0.000 elements.py:1718(_ifnone)
        6    0.000    0.000    0.000    0.000 sqltypes.py:214(process)
        5    0.000    0.000    0.000    0.000 sqltypes.py:749(__init__)
        1    0.000    0.000    0.000    0.000 sqltypes.py:2408(__init__)
        2    0.000    0.000    0.000    0.000 _collections.py:688(__iter__)
       10    0.000    0.000    0.000    0.000 typing.py:889(__extrahook__)
        1    0.000    0.000    0.000    0.000 __init__.py:145(detect_encoding)
        1    0.000    0.000    0.000    0.000 datastructures.py:961(__getitem__)
        4    0.000    0.000    0.000    0.000 _compat.py:135(<lambda>)
        3    0.000    0.000    0.000    0.000 {method 'rsplit' of 'str' objects}
        3    0.000    0.000    0.000    0.000 hybrid.py:830(__init__)
        4    0.000    0.000    0.000    0.000 util.py:711(__init__)
        5    0.000    0.000    0.000    0.000 selectable.py:540(is_derived_from)
        1    0.000    0.000    0.000    0.000 annotation.py:82(_constructor)
        2    0.000    0.000    0.000    0.000 type_api.py:1084(_has_result_processor)
        2    0.000    0.000    0.000    0.000 _collections.py:877(_inc_counter)
        2    0.000    0.000    0.000    0.000 _collections.py:881(get)
        1    0.000    0.000    0.000    0.000 six.py:588(iteritems)
        1    0.000    0.000    0.000    0.000 wsgi.py:880(__init__)
        1    0.000    0.000    0.000    0.000 wsgi.py:182(get_content_length)
        3    0.000    0.000    0.000    0.000 datastructures.py:1178(_validate_value)
        2    0.000    0.000    0.000    0.000 {built-in method _weakref._remove_dead_weakref}
        1    0.000    0.000    0.000    0.000 {method 'read' of '_io.BufferedReader' objects}
        1    0.000    0.000    0.000    0.000 query.py:2029(_update_joinpoint)
        2    0.000    0.000    0.000    0.000 query.py:4025(<listcomp>)
        2    0.000    0.000    0.000    0.000 path_registry.py:84(pairs)
        1    0.000    0.000    0.000    0.000 interfaces.py:348(_query_clause_element)
        1    0.000    0.000    0.000    0.000 schema.py:2684(__iter__)
        1    0.000    0.000    0.000    0.000 elements.py:3061(__getattr__)
        1    0.000    0.000    0.000    0.000 elements.py:3535(type)
        1    0.000    0.000    0.000    0.000 sqltypes.py:661(__init__)
        6    0.000    0.000    0.000    0.000 _collections.py:690(<genexpr>)
        1    0.000    0.000    0.000    0.000 datastructures.py:953(__init__)
        1    0.000    0.000    0.000    0.000 sre_parse.py:828(fix_flags)
        5    0.000    0.000    0.000    0.000 {method 'endswith' of 'str' objects}
        1    0.000    0.000    0.000    0.000 {built-in method _sre.compile}
        1    0.000    0.000    0.000    0.000 strategies.py:1002(_setup_outermost_orderby)
        2    0.000    0.000    0.000    0.000 query.py:338(_mapper_entities)
        2    0.000    0.000    0.000    0.000 query.py:605(enable_eagerloads)
        2    0.000    0.000    0.000    0.000 query.py:631(with_labels)
        1    0.000    0.000    0.000    0.000 query.py:3625(type)
        3    0.000    0.000    0.000    0.000 util.py:573(<lambda>)
        2    0.000    0.000    0.000    0.000 attributes.py:273(comparator)
        1    0.000    0.000    0.000    0.000 interfaces.py:340(__init__)
        1    0.000    0.000    0.000    0.000 compiler.py:718(escape_literal_column)
        2    0.000    0.000    0.000    0.000 schema.py:2689(<genexpr>)
        2    0.000    0.000    0.000    0.000 elements.py:2901(self_group)
        2    0.000    0.000    0.000    0.000 functions.py:89(clauses)
        4    0.000    0.000    0.000    0.000 functions.py:287(__init__)
        1    0.000    0.000    0.000    0.000 sqltypes.py:554(_effective_decimal_return_scale)
        2    0.000    0.000    0.000    0.000 _collections.py:745(<lambda>)
        1    0.000    0.000    0.000    0.000 datastructures.py:1232(<listcomp>)
        2    0.000    0.000    0.000    0.000 http.py:235(unquote_header_value)
        1    0.000    0.000    0.000    0.000 sre_compile.py:414(_get_literal_prefix)
        1    0.000    0.000    0.000    0.000 sre_compile.py:441(_get_charset_prefix)
        2    0.000    0.000    0.000    0.000 sre_compile.py:539(isstring)
        1    0.000    0.000    0.000    0.000 sre_parse.py:76(__init__)
       10    0.000    0.000    0.000    0.000 {method 'find' of 'bytearray' objects}
        2    0.000    0.000    0.000    0.000 {method 'translate' of 'bytearray' objects}
        4    0.000    0.000    0.000    0.000 {built-in method builtins.min}
        6    0.000    0.000    0.000    0.000 {built-in method builtins.ord}
        1    0.000    0.000    0.000    0.000 {method 'groups' of '_sre.SRE_Match' objects}
        1    0.000    0.000    0.000    0.000 api_resource.py:764(_generate_filters_for_virtual_attributes)
        1    0.000    0.000    0.000    0.000 strategies.py:859(<listcomp>)
        2    0.000    0.000    0.000    0.000 strategies.py:879(<genexpr>)
        1    0.000    0.000    0.000    0.000 strategies.py:1028(__init__)
        1    0.000    0.000    0.000    0.000 query.py:3647(adapt_to_selectable)
        2    0.000    0.000    0.000    0.000 query.py:4019(<listcomp>)
        1    0.000    0.000    0.000    0.000 relationships.py:1899(_use_get)
        2    0.000    0.000    0.000    0.000 mapper.py:699(entity)
        1    0.000    0.000    0.000    0.000 mapper.py:2388(common_parent)
        2    0.000    0.000    0.000    0.000 selectable.py:3442(<listcomp>)
        2    0.000    0.000    0.000    0.000 operators.py:942(is_natural_self_precedent)
        1    0.000    0.000    0.000    0.000 elements.py:1711(type)
        4    0.000    0.000    0.000    0.000 type_api.py:254(bind_processor)
        2    0.000    0.000    0.000    0.000 type_api.py:896(load_dialect_impl)
        1    0.000    0.000    0.000    0.000 functions.py:173(get_children)
        1    0.000    0.000    0.000    0.000 _collections.py:116(__new__)
        1    0.000    0.000    0.000    0.000 _collections.py:848(flatten_iterator)
        2    0.000    0.000    0.000    0.000 _collections.py:949(<listcomp>)
        1    0.000    0.000    0.000    0.000 base_request.py:690(_assert_not_shallow)
        2    0.000    0.000    0.000    0.000 sre_parse.py:81(groups)
        1    0.000    0.000    0.000    0.000 sre_parse.py:111(__init__)
        1    0.000    0.000    0.000    0.000 sre_parse.py:171(append)
        2    0.000    0.000    0.000    0.000 sre_parse.py:285(tell)
        4    0.000    0.000    0.000    0.000 _collections_abc.py:367(__subclasshook__)
        1    0.000    0.000    0.000    0.000 _collections_abc.py:382(__subclasshook__)
        1    0.000    0.000    0.000    0.000 {method 'union' of 'frozenset' objects}
        2    0.000    0.000    0.000    0.000 {method 'upper' of 'str' objects}
        2    0.000    0.000    0.000    0.000 {method 'group' of '_sre.SRE_Match' objects}
        3    0.000    0.000    0.000    0.000 {method 'end' of '_sre.SRE_Match' objects}
        1    0.000    0.000    0.000    0.000 {method 'disable' of '_lsprof.Profiler' objects}
        1    0.000    0.000    0.000    0.000 api_resource.py:183(can_find)
        1    0.000    0.000    0.000    0.000 api_resource.py:527(<lambda>)
        1    0.000    0.000    0.000    0.000 api_resource.py:757(additional_filters)
        3    0.000    0.000    0.000    0.000 base.py:890(visit_true)
        1    0.000    0.000    0.000    0.000 query.py:1212(_set_enable_single_crit)
        1    0.000    0.000    0.000    0.000 query.py:3633(corresponds_to)
        4    0.000    0.000    0.000    0.000 util.py:551(_memoized_values)
        6    0.000    0.000    0.000    0.000 collections.py:1011(__set)
        3    0.000    0.000    0.000    0.000 selectable.py:3586(self_group)
        2    0.000    0.000    0.000    0.000 elements.py:1725(_instance)
        1    0.000    0.000    0.000    0.000 elements.py:3054(get_children)
        1    0.000    0.000    0.000    0.000 elements.py:3562(get_children)
        2    0.000    0.000    0.000    0.000 elements.py:1652(type)


